Removed Pin From Net: NetName=VCC3V3 Pin=U3-32
Change Component DesignItemId : Designator=U2 Old DesignItemId= New DesignItemId=CP2102
Change Component DesignItemId : Designator=Y1 Old DesignItemId= New DesignItemId=贴片无源晶振
Change Component Description : Designator=U3 Old Description= New Description=ESP8266无线WiFi芯片
Change Component Description : Designator=J2 Old Description= New Description=TFCard 卡座 简易
Change Component Description : Designator=U4 Old Description= New Description=贴片2M存储Flash芯片
Change Component Description : Designator=U1 Old Description= New Description=贴片5V转3.3V芯片
Change Component Description : Designator=U2 Old Description= New Description=贴片USB转TTL
Change Component Description : Designator=C1 Old Description= New Description=贴片无极性电容
Change Component Description : Designator=C2 Old Description= New Description=贴片无极性电容
Change Component Description : Designator=C3 Old Description= New Description=贴片无极性电容
Change Component Description : Designator=C4 Old Description= New Description=贴片无极性电容
Change Component Description : Designator=C5 Old Description= New Description=贴片无极性电容
Change Component Description : Designator=C6 Old Description= New Description=贴片无极性电容
Change Component Description : Designator=C7 Old Description= New Description=贴片无极性电容
Change Component Description : Designator=C9 Old Description= New Description=贴片无极性电容
Change Component Description : Designator=C10 Old Description= New Description=贴片无极性电容
Change Component Description : Designator=C11 Old Description= New Description=贴片无极性电容
Change Component Description : Designator=C12 Old Description= New Description=贴片无极性电容
Change Component Description : Designator=Y1 Old Description= New Description=贴片无源晶振
Change Component Description : Designator=R3 Old Description= New Description=贴片电阻
Change Component Description : Designator=R6 Old Description= New Description=贴片电阻
Change Component Description : Designator=R7 Old Description= New Description=贴片电阻
Change Component Description : Designator=R8 Old Description= New Description=贴片电阻
Change Component Description : Designator=R9 Old Description= New Description=贴片电阻
Change Component Description : Designator=R10 Old Description= New Description=贴片电阻
Change Component Description : Designator=R11 Old Description= New Description=贴片电阻
Change Component Description : Designator=R12 Old Description= New Description=贴片电阻
Change Component Description : Designator=R13 Old Description= New Description=贴片电阻
Change Component Description : Designator=R14 Old Description= New Description=贴片电阻
Change Component Description : Designator=R15 Old Description= New Description=贴片电阻
Change Component Description : Designator=R19 Old Description= New Description=贴片电阻
Added Pin To Net: NetName=NetC7_2 Pin=U3-32
