Added Component: Designator=C1(C0402)
Added Component: Designator=C2(C0402)
Added Component: Designator=C3(C0402)
Added Component: Designator=C4(C0402)
Added Component: Designator=C5(C0402)
Added Component: Designator=C6(C0402)
Added Component: Designator=C7(C0402)
Added Component: Designator=C8(C0402)
Added Component: Designator=C9(C0402)
Added Component: Designator=C10(C0402)
Added Component: Designator=C11(C0402)
Added Component: Designator=C12(C0402)
Added Component: Designator=D1(LED0402)
Added Component: Designator=D2(LED0402)
Added Component: Designator=D3(LED0402)
Added Component: Designator=D4(LED0402)
Added Component: Designator=D5(LED0402)
Added Component: Designator=D6(LED0402)
Added Component: Designator=J1(USB-A ¹«Í·)
Added Component: Designator=J2(IPEX-1 µ××ù)
Added Component: Designator=J3(TFCard ¿¨×ù ¶ÌÌå)
Added Component: Designator=R1(R0402)
Added Component: Designator=R2(R0402)
Added Component: Designator=R3(R0402)
Added Component: Designator=R4(R0402)
Added Component: Designator=R5(R0402)
Added Component: Designator=R6(R0402)
Added Component: Designator=R7(R0402)
Added Component: Designator=R8(R0402)
Added Component: Designator=R9(R0402)
Added Component: Designator=R10(R0402)
Added Component: Designator=R11(R0402)
Added Component: Designator=R12(R0402)
Added Component: Designator=R13(R0402)
Added Component: Designator=R14(R0402)
Added Component: Designator=R15(R0402)
Added Component: Designator=R16(R0402)
Added Component: Designator=R17(R0402)
Added Component: Designator=R18(R0402)
Added Component: Designator=R19(R0402)
Added Component: Designator=U1(SOT25-5)
Added Component: Designator=U2(MLP28)
Added Component: Designator=U3(QFN32L)
Added Component: Designator=U4(SOIC8)
Added Component: Designator=Y1(XTAL-2520)
Added Pin To Net: NetName=ADC Pin=U3-6
Added Net: Name=ADC
Added Pin To Net: NetName=GND Pin=C1-1
Added Pin To Net: NetName=GND Pin=C2-1
Added Pin To Net: NetName=GND Pin=C3-1
Added Pin To Net: NetName=GND Pin=C4-1
Added Pin To Net: NetName=GND Pin=C5-2
Added Pin To Net: NetName=GND Pin=C6-1
Added Pin To Net: NetName=GND Pin=C7-2
Added Pin To Net: NetName=GND Pin=C8-1
Added Pin To Net: NetName=GND Pin=C9-1
Added Pin To Net: NetName=GND Pin=C10-2
Added Pin To Net: NetName=GND Pin=C11-1
Added Pin To Net: NetName=GND Pin=D1-2
Added Pin To Net: NetName=GND Pin=D2-2
Added Pin To Net: NetName=GND Pin=D3-2
Added Pin To Net: NetName=GND Pin=J1-4
Added Pin To Net: NetName=GND Pin=J1-4
Added Pin To Net: NetName=GND Pin=J1-4
Added Pin To Net: NetName=GND Pin=J2-2
Added Pin To Net: NetName=GND Pin=J2-3
Added Pin To Net: NetName=GND Pin=J2-4
Added Pin To Net: NetName=GND Pin=J3-6
Added Pin To Net: NetName=GND Pin=R9-1
Added Pin To Net: NetName=GND Pin=R13-1
Added Pin To Net: NetName=GND Pin=R14-2
Added Pin To Net: NetName=GND Pin=R19-1
Added Pin To Net: NetName=GND Pin=U1-2
Added Pin To Net: NetName=GND Pin=U2-3
Added Pin To Net: NetName=GND Pin=U2-16
Added Pin To Net: NetName=GND Pin=U2-17
Added Pin To Net: NetName=GND Pin=U2-18
Added Pin To Net: NetName=GND Pin=U2-19
Added Pin To Net: NetName=GND Pin=U3-33
Added Pin To Net: NetName=GND Pin=U4-4
Added Pin To Net: NetName=GND Pin=Y1-2
Added Pin To Net: NetName=GND Pin=Y1-4
Added Net: Name=GND
Added Pin To Net: NetName=GPIO0 Pin=R11-2
Added Pin To Net: NetName=GPIO0 Pin=R12-1
Added Pin To Net: NetName=GPIO0 Pin=U3-15
Added Net: Name=GPIO0
Added Pin To Net: NetName=GPIO2 Pin=R10-2
Added Pin To Net: NetName=GPIO2 Pin=U3-14
Added Net: Name=GPIO2
Added Pin To Net: NetName=GPIO4 Pin=J3-5
Added Pin To Net: NetName=GPIO4 Pin=U3-16
Added Net: Name=GPIO4
Added Pin To Net: NetName=GPIO5 Pin=J3-3
Added Pin To Net: NetName=GPIO5 Pin=U3-24
Added Net: Name=GPIO5
Added Pin To Net: NetName=GPIO12 Pin=J3-7
Added Pin To Net: NetName=GPIO12 Pin=U3-10
Added Net: Name=GPIO12
Added Pin To Net: NetName=GPIO13 Pin=J3-2
Added Pin To Net: NetName=GPIO13 Pin=U3-12
Added Net: Name=GPIO13
Added Pin To Net: NetName=GPIO14 Pin=J3-8
Added Pin To Net: NetName=GPIO14 Pin=U3-9
Added Net: Name=GPIO14
Added Pin To Net: NetName=GPIO15 Pin=J3-1
Added Pin To Net: NetName=GPIO15 Pin=R9-2
Added Pin To Net: NetName=GPIO15 Pin=U3-13
Added Net: Name=GPIO15
Added Pin To Net: NetName=GPIO16 Pin=D6-2
Added Pin To Net: NetName=GPIO16 Pin=R18-1
Added Pin To Net: NetName=GPIO16 Pin=U3-8
Added Net: Name=GPIO16
Added Pin To Net: NetName=NetC2_2 Pin=C2-2
Added Pin To Net: NetName=NetC2_2 Pin=U1-4
Added Net: Name=NetC2_2
Added Pin To Net: NetName=NetC4_2 Pin=C4-2
Added Pin To Net: NetName=NetC4_2 Pin=U2-6
Added Net: Name=NetC4_2
Added Pin To Net: NetName=NetC7_1 Pin=C7-1
Added Pin To Net: NetName=NetC7_1 Pin=U3-27
Added Pin To Net: NetName=NetC7_1 Pin=Y1-1
Added Net: Name=NetC7_1
Added Pin To Net: NetName=NetC10_1 Pin=C10-1
Added Pin To Net: NetName=NetC10_1 Pin=U3-28
Added Pin To Net: NetName=NetC10_1 Pin=Y1-3
Added Net: Name=NetC10_1
Added Pin To Net: NetName=NetC11_2 Pin=C11-2
Added Pin To Net: NetName=NetC11_2 Pin=R15-1
Added Pin To Net: NetName=NetC11_2 Pin=R16-2
Added Pin To Net: NetName=NetC11_2 Pin=U3-32
Added Net: Name=NetC11_2
Added Pin To Net: NetName=NetC12_1 Pin=C12-1
Added Pin To Net: NetName=NetC12_1 Pin=J2-1
Added Net: Name=NetC12_1
Added Pin To Net: NetName=NetC12_2 Pin=C12-2
Added Pin To Net: NetName=NetC12_2 Pin=U3-2
Added Net: Name=NetC12_2
Added Pin To Net: NetName=NetD1_1 Pin=D1-1
Added Pin To Net: NetName=NetD1_1 Pin=R1-1
Added Net: Name=NetD1_1
Added Pin To Net: NetName=NetD2_1 Pin=D2-1
Added Pin To Net: NetName=NetD2_1 Pin=R2-2
Added Net: Name=NetD2_1
Added Pin To Net: NetName=NetD3_1 Pin=D3-1
Added Pin To Net: NetName=NetD3_1 Pin=R3-1
Added Net: Name=NetD3_1
Added Pin To Net: NetName=NetD4_1 Pin=D4-1
Added Pin To Net: NetName=NetD4_1 Pin=R4-2
Added Net: Name=NetD4_1
Added Pin To Net: NetName=NetD5_1 Pin=D5-1
Added Pin To Net: NetName=NetD5_1 Pin=R5-1
Added Net: Name=NetD5_1
Added Pin To Net: NetName=NetD6_1 Pin=D6-1
Added Pin To Net: NetName=NetD6_1 Pin=R17-2
Added Net: Name=NetD6_1
Added Pin To Net: NetName=NetR3_2 Pin=R3-2
Added Pin To Net: NetName=NetR3_2 Pin=U2-11
Added Net: Name=NetR3_2
Added Pin To Net: NetName=NetR8_2 Pin=R8-2
Added Pin To Net: NetName=NetR8_2 Pin=U3-7
Added Net: Name=NetR8_2
Added Pin To Net: NetName=NetR12_2 Pin=R12-2
Added Pin To Net: NetName=NetR12_2 Pin=R13-2
Added Net: Name=NetR12_2
Added Pin To Net: NetName=NetR14_1 Pin=R14-1
Added Pin To Net: NetName=NetR14_1 Pin=U3-31
Added Net: Name=NetR14_1
Added Pin To Net: NetName=NetR16_1 Pin=R16-1
Added Pin To Net: NetName=NetR16_1 Pin=R18-2
Added Pin To Net: NetName=NetR16_1 Pin=R19-2
Added Net: Name=NetR16_1
Added Pin To Net: NetName=RXD Pin=D5-2
Added Pin To Net: NetName=RXD Pin=R7-1
Added Pin To Net: NetName=RXD Pin=U2-21
Added Pin To Net: NetName=RXD Pin=U2-25
Added Net: Name=RXD
Added Pin To Net: NetName=SD_CLK Pin=U3-21
Added Pin To Net: NetName=SD_CLK Pin=U4-6
Added Net: Name=SD_CLK
Added Pin To Net: NetName=SD_CMD Pin=U3-20
Added Pin To Net: NetName=SD_CMD Pin=U4-1
Added Net: Name=SD_CMD
Added Pin To Net: NetName=SD_DATA_0 Pin=U3-22
Added Pin To Net: NetName=SD_DATA_0 Pin=U4-2
Added Net: Name=SD_DATA_0
Added Pin To Net: NetName=SD_DATA_1 Pin=U3-23
Added Pin To Net: NetName=SD_DATA_1 Pin=U4-5
Added Net: Name=SD_DATA_1
Added Pin To Net: NetName=SD_DATA_2 Pin=U3-18
Added Pin To Net: NetName=SD_DATA_2 Pin=U4-7
Added Net: Name=SD_DATA_2
Added Pin To Net: NetName=SD_DATA_3 Pin=U3-19
Added Pin To Net: NetName=SD_DATA_3 Pin=U4-3
Added Net: Name=SD_DATA_3
Added Pin To Net: NetName=TXD Pin=D4-2
Added Pin To Net: NetName=TXD Pin=R6-1
Added Pin To Net: NetName=TXD Pin=U2-20
Added Pin To Net: NetName=TXD Pin=U2-26
Added Net: Name=TXD
Added Pin To Net: NetName=U0RXD Pin=R6-2
Added Pin To Net: NetName=U0RXD Pin=U3-25
Added Net: Name=U0RXD
Added Pin To Net: NetName=U0TXD Pin=R7-2
Added Pin To Net: NetName=U0TXD Pin=U3-26
Added Net: Name=U0TXD
Added Pin To Net: NetName=UD_N Pin=J1-2
Added Pin To Net: NetName=UD_N Pin=U2-5
Added Net: Name=UD_N
Added Pin To Net: NetName=UD_P Pin=J1-3
Added Pin To Net: NetName=UD_P Pin=U2-4
Added Net: Name=UD_P
Added Pin To Net: NetName=VCC3V3 Pin=C3-2
Added Pin To Net: NetName=VCC3V3 Pin=C5-1
Added Pin To Net: NetName=VCC3V3 Pin=C6-2
Added Pin To Net: NetName=VCC3V3 Pin=C8-2
Added Pin To Net: NetName=VCC3V3 Pin=C9-2
Added Pin To Net: NetName=VCC3V3 Pin=J3-4
Added Pin To Net: NetName=VCC3V3 Pin=R2-1
Added Pin To Net: NetName=VCC3V3 Pin=R4-1
Added Pin To Net: NetName=VCC3V3 Pin=R5-2
Added Pin To Net: NetName=VCC3V3 Pin=R8-1
Added Pin To Net: NetName=VCC3V3 Pin=R10-1
Added Pin To Net: NetName=VCC3V3 Pin=R11-1
Added Pin To Net: NetName=VCC3V3 Pin=R15-2
Added Pin To Net: NetName=VCC3V3 Pin=R17-1
Added Pin To Net: NetName=VCC3V3 Pin=U1-5
Added Pin To Net: NetName=VCC3V3 Pin=U2-7
Added Pin To Net: NetName=VCC3V3 Pin=U2-8
Added Pin To Net: NetName=VCC3V3 Pin=U2-9
Added Pin To Net: NetName=VCC3V3 Pin=U2-15
Added Pin To Net: NetName=VCC3V3 Pin=U3-1
Added Pin To Net: NetName=VCC3V3 Pin=U3-3
Added Pin To Net: NetName=VCC3V3 Pin=U3-4
Added Pin To Net: NetName=VCC3V3 Pin=U3-11
Added Pin To Net: NetName=VCC3V3 Pin=U3-17
Added Pin To Net: NetName=VCC3V3 Pin=U3-29
Added Pin To Net: NetName=VCC3V3 Pin=U3-30
Added Pin To Net: NetName=VCC3V3 Pin=U4-8
Added Net: Name=VCC3V3
Added Pin To Net: NetName=VCC5V Pin=C1-2
Added Pin To Net: NetName=VCC5V Pin=J1-1
Added Pin To Net: NetName=VCC5V Pin=J1-1
Added Pin To Net: NetName=VCC5V Pin=R1-2
Added Pin To Net: NetName=VCC5V Pin=U1-1
Added Pin To Net: NetName=VCC5V Pin=U1-3
Added Net: Name=VCC5V
Added Class: Name=SimpleNode3
