Change Component DesignItemId : Designator=A1 Old DesignItemId= New DesignItemId=AN9520-245
Change Component DesignItemId : Designator=U2 Old DesignItemId= New DesignItemId=CP2102
Change Component DesignItemId : Designator=U3 Old DesignItemId= New DesignItemId=ESP8266
Change Component DesignItemId : Designator=U4 Old DesignItemId= New DesignItemId=GD25Q16CSIG
Change Component DesignItemId : Designator=U1 Old DesignItemId= New DesignItemId=SPX3819M5-L-3-3
Change Component DesignItemId : Designator=J1 Old DesignItemId= New DesignItemId=USB-A 公头
Change Component DesignItemId : Designator=D1 Old DesignItemId= New DesignItemId=贴片发光二级管
Change Component DesignItemId : Designator=D2 Old DesignItemId= New DesignItemId=贴片发光二级管
Change Component DesignItemId : Designator=D3 Old DesignItemId= New DesignItemId=贴片发光二级管
Change Component DesignItemId : Designator=D4 Old DesignItemId= New DesignItemId=贴片发光二级管
Change Component DesignItemId : Designator=D5 Old DesignItemId= New DesignItemId=贴片发光二级管
Change Component DesignItemId : Designator=D6 Old DesignItemId= New DesignItemId=贴片发光二级管
Change Component DesignItemId : Designator=D7 Old DesignItemId= New DesignItemId=贴片发光二级管
Change Component DesignItemId : Designator=C1 Old DesignItemId= New DesignItemId=贴片无极性电容
Change Component DesignItemId : Designator=C2 Old DesignItemId= New DesignItemId=贴片无极性电容
Change Component DesignItemId : Designator=C3 Old DesignItemId= New DesignItemId=贴片无极性电容
Change Component DesignItemId : Designator=C4 Old DesignItemId= New DesignItemId=贴片无极性电容
Change Component DesignItemId : Designator=C5 Old DesignItemId= New DesignItemId=贴片无极性电容
Change Component DesignItemId : Designator=C6 Old DesignItemId= New DesignItemId=贴片无极性电容
Change Component DesignItemId : Designator=C7 Old DesignItemId= New DesignItemId=贴片无极性电容
Change Component DesignItemId : Designator=C9 Old DesignItemId= New DesignItemId=贴片无极性电容
Change Component DesignItemId : Designator=C10 Old DesignItemId= New DesignItemId=贴片无极性电容
Change Component DesignItemId : Designator=C11 Old DesignItemId= New DesignItemId=贴片无极性电容
Change Component DesignItemId : Designator=C12 Old DesignItemId= New DesignItemId=贴片无极性电容
Change Component DesignItemId : Designator=Y1 Old DesignItemId= New DesignItemId=贴片无源晶振
Change Component DesignItemId : Designator=R1 Old DesignItemId= New DesignItemId=贴片电阻
Change Component DesignItemId : Designator=R2 Old DesignItemId= New DesignItemId=贴片电阻
Change Component DesignItemId : Designator=R3 Old DesignItemId= New DesignItemId=贴片电阻
Change Component DesignItemId : Designator=R4 Old DesignItemId= New DesignItemId=贴片电阻
Change Component DesignItemId : Designator=R5 Old DesignItemId= New DesignItemId=贴片电阻
Change Component DesignItemId : Designator=R6 Old DesignItemId= New DesignItemId=贴片电阻
Change Component DesignItemId : Designator=R7 Old DesignItemId= New DesignItemId=贴片电阻
Change Component DesignItemId : Designator=R8 Old DesignItemId= New DesignItemId=贴片电阻
Change Component DesignItemId : Designator=R9 Old DesignItemId= New DesignItemId=贴片电阻
Change Component DesignItemId : Designator=R10 Old DesignItemId= New DesignItemId=贴片电阻
Change Component DesignItemId : Designator=R11 Old DesignItemId= New DesignItemId=贴片电阻
Change Component DesignItemId : Designator=R12 Old DesignItemId= New DesignItemId=贴片电阻
Change Component DesignItemId : Designator=R13 Old DesignItemId= New DesignItemId=贴片电阻
Change Component DesignItemId : Designator=R14 Old DesignItemId= New DesignItemId=贴片电阻
Change Component DesignItemId : Designator=R15 Old DesignItemId= New DesignItemId=贴片电阻
Change Component DesignItemId : Designator=R16 Old DesignItemId= New DesignItemId=贴片电阻
Change Component DesignItemId : Designator=R17 Old DesignItemId= New DesignItemId=贴片电阻
Change Component DesignItemId : Designator=R19 Old DesignItemId= New DesignItemId=贴片电阻
Change Component Comment : Designator=R8 Old Comment=1% New Comment=5%
Change Component Description : Designator=U3 Old Description= New Description=ESP8266无线WiFi芯片
Change Component Description : Designator=J1 Old Description= New Description=USB-A 公头
Change Component Description : Designator=A1 Old Description= New Description=贴片2.4G陶瓷天线
Change Component Description : Designator=U4 Old Description= New Description=贴片2M存储Flash芯片
Change Component Description : Designator=U1 Old Description= New Description=贴片5V转3.3V芯片
Change Component Description : Designator=U2 Old Description= New Description=贴片USB转TTL
Change Component Description : Designator=D1 Old Description= New Description=贴片发光二级管
Change Component Description : Designator=D2 Old Description= New Description=贴片发光二级管
Change Component Description : Designator=D3 Old Description= New Description=贴片发光二级管
Change Component Description : Designator=D4 Old Description= New Description=贴片发光二级管
Change Component Description : Designator=D5 Old Description= New Description=贴片发光二级管
Change Component Description : Designator=D6 Old Description= New Description=贴片发光二级管
Change Component Description : Designator=D7 Old Description= New Description=贴片发光二级管
Change Component Description : Designator=C1 Old Description= New Description=贴片无极性电容
Change Component Description : Designator=C2 Old Description= New Description=贴片无极性电容
Change Component Description : Designator=C3 Old Description= New Description=贴片无极性电容
Change Component Description : Designator=C4 Old Description= New Description=贴片无极性电容
Change Component Description : Designator=C5 Old Description= New Description=贴片无极性电容
Change Component Description : Designator=C6 Old Description= New Description=贴片无极性电容
Change Component Description : Designator=C7 Old Description= New Description=贴片无极性电容
Change Component Description : Designator=C9 Old Description= New Description=贴片无极性电容
Change Component Description : Designator=C10 Old Description= New Description=贴片无极性电容
Change Component Description : Designator=C11 Old Description= New Description=贴片无极性电容
Change Component Description : Designator=C12 Old Description= New Description=贴片无极性电容
Change Component Description : Designator=Y1 Old Description= New Description=贴片无源晶振
Change Component Description : Designator=R1 Old Description= New Description=贴片电阻
Change Component Description : Designator=R2 Old Description= New Description=贴片电阻
Change Component Description : Designator=R3 Old Description= New Description=贴片电阻
Change Component Description : Designator=R4 Old Description= New Description=贴片电阻
Change Component Description : Designator=R5 Old Description= New Description=贴片电阻
Change Component Description : Designator=R6 Old Description= New Description=贴片电阻
Change Component Description : Designator=R7 Old Description= New Description=贴片电阻
Change Component Description : Designator=R8 Old Description= New Description=贴片电阻
Change Component Description : Designator=R9 Old Description= New Description=贴片电阻
Change Component Description : Designator=R10 Old Description= New Description=贴片电阻
Change Component Description : Designator=R11 Old Description= New Description=贴片电阻
Change Component Description : Designator=R12 Old Description= New Description=贴片电阻
Change Component Description : Designator=R13 Old Description= New Description=贴片电阻
Change Component Description : Designator=R14 Old Description= New Description=贴片电阻
Change Component Description : Designator=R15 Old Description= New Description=贴片电阻
Change Component Description : Designator=R16 Old Description= New Description=贴片电阻
Change Component Description : Designator=R17 Old Description= New Description=贴片电阻
Change Component Description : Designator=R19 Old Description= New Description=贴片电阻
Change Component Library : Designator=A1 Old Library= New Library=基础元器件.SchLib
Change Component Library : Designator=C1 Old Library= New Library=基础元器件.SchLib
Change Component Library : Designator=C2 Old Library= New Library=基础元器件.SchLib
Change Component Library : Designator=C3 Old Library= New Library=基础元器件.SchLib
Change Component Library : Designator=C4 Old Library= New Library=基础元器件.SchLib
Change Component Library : Designator=C5 Old Library= New Library=基础元器件.SchLib
Change Component Library : Designator=C6 Old Library= New Library=基础元器件.SchLib
Change Component Library : Designator=C7 Old Library= New Library=基础元器件.SchLib
Change Component Library : Designator=C9 Old Library= New Library=基础元器件.SchLib
Change Component Library : Designator=C10 Old Library= New Library=基础元器件.SchLib
Change Component Library : Designator=C11 Old Library= New Library=基础元器件.SchLib
Change Component Library : Designator=C12 Old Library= New Library=基础元器件.SchLib
Change Component Library : Designator=D1 Old Library= New Library=基础元器件.SchLib
Change Component Library : Designator=D2 Old Library= New Library=基础元器件.SchLib
Change Component Library : Designator=D3 Old Library= New Library=基础元器件.SchLib
Change Component Library : Designator=D4 Old Library= New Library=基础元器件.SchLib
Change Component Library : Designator=D5 Old Library= New Library=基础元器件.SchLib
Change Component Library : Designator=D6 Old Library= New Library=基础元器件.SchLib
Change Component Library : Designator=D7 Old Library= New Library=基础元器件.SchLib
Change Component Library : Designator=R1 Old Library= New Library=基础元器件.SchLib
Change Component Library : Designator=R2 Old Library= New Library=基础元器件.SchLib
Change Component Library : Designator=R3 Old Library= New Library=基础元器件.SchLib
Change Component Library : Designator=R4 Old Library= New Library=基础元器件.SchLib
Change Component Library : Designator=R5 Old Library= New Library=基础元器件.SchLib
Change Component Library : Designator=R6 Old Library= New Library=基础元器件.SchLib
Change Component Library : Designator=R7 Old Library= New Library=基础元器件.SchLib
Change Component Library : Designator=R8 Old Library= New Library=基础元器件.SchLib
Change Component Library : Designator=R9 Old Library= New Library=基础元器件.SchLib
Change Component Library : Designator=R10 Old Library= New Library=基础元器件.SchLib
Change Component Library : Designator=R11 Old Library= New Library=基础元器件.SchLib
Change Component Library : Designator=R12 Old Library= New Library=基础元器件.SchLib
Change Component Library : Designator=R13 Old Library= New Library=基础元器件.SchLib
Change Component Library : Designator=R14 Old Library= New Library=基础元器件.SchLib
Change Component Library : Designator=R15 Old Library= New Library=基础元器件.SchLib
Change Component Library : Designator=R16 Old Library= New Library=基础元器件.SchLib
Change Component Library : Designator=R17 Old Library= New Library=基础元器件.SchLib
Change Component Library : Designator=R19 Old Library= New Library=基础元器件.SchLib
Change Component Library : Designator=U1 Old Library= New Library=基础元器件.SchLib
Change Component Library : Designator=U2 Old Library= New Library=基础元器件.SchLib
Change Component Library : Designator=U3 Old Library= New Library=基础元器件.SchLib
Change Component Library : Designator=U4 Old Library= New Library=基础元器件.SchLib
Change Component Library : Designator=Y1 Old Library= New Library=基础元器件.SchLib
Change Component Library : Designator=J1 Old Library= New Library=基础连接件.SchLib
Added Component: Designator=A2(IPEX-1 底座)
Added Pin To Net: NetName=NetA1_1 Pin=A2-1
Added Pin To Net: NetName=GND Pin=A2-2
Added Pin To Net: NetName=GND Pin=A2-3
Change Class Name : Old Net Name=SimpleNode31 New Net Name=SimpleNode32
Added Member To Class: ClassName=SimpleNode32 Member=Component A2 50ohm
