Added Component: Designator=U1(SOT25-5)
Added Component: Designator=U2(MLP28)
Added Component: Designator=U3(QFN32L)
Added Component: Designator=U4(SOIC8)
Added Pin To Net: NetName=VCC5V Pin=U1-1
Added Pin To Net: NetName=GND Pin=U1-2
Added Pin To Net: NetName=VCC5V Pin=U1-3
Added Pin To Net: NetName=NetC2_2 Pin=U1-4
Added Pin To Net: NetName=VCC3V3 Pin=U1-5
Added Pin To Net: NetName=GND Pin=U2-3
Added Pin To Net: NetName=GND Pin=U2-3
Added Pin To Net: NetName=UD_P Pin=U2-4
Added Pin To Net: NetName=UD_N Pin=U2-5
Added Pin To Net: NetName=NetC4_2 Pin=U2-6
Added Pin To Net: NetName=VCC5V Pin=U2-7
Added Pin To Net: NetName=VCC5V Pin=U2-8
Added Pin To Net: NetName=VCC5V Pin=U2-9
Added Pin To Net: NetName=NetR3_1 Pin=U2-11
Added Pin To Net: NetName=RXD Pin=U2-25
Added Pin To Net: NetName=TXD Pin=U2-26
Added Pin To Net: NetName=VCC3V3 Pin=U3-1
Added Pin To Net: NetName=NetC12_2 Pin=U3-2
Added Pin To Net: NetName=VCC3V3 Pin=U3-3
Added Pin To Net: NetName=VCC3V3 Pin=U3-4
Added Pin To Net: NetName=ADC Pin=U3-6
Added Pin To Net: NetName=NetR8_2 Pin=U3-7
Added Pin To Net: NetName=GPIO16 Pin=U3-8
Added Pin To Net: NetName=GPIO14 Pin=U3-9
Added Pin To Net: NetName=GPIO12 Pin=U3-10
Added Pin To Net: NetName=VCC3V3 Pin=U3-11
Added Pin To Net: NetName=GPIO13 Pin=U3-12
Added Pin To Net: NetName=GPIO15 Pin=U3-13
Added Pin To Net: NetName=GPIO2 Pin=U3-14
Added Pin To Net: NetName=GPIO0 Pin=U3-15
Added Pin To Net: NetName=GPIO4 Pin=U3-16
Added Pin To Net: NetName=VCC3V3 Pin=U3-17
Added Pin To Net: NetName=SD_DATA_2 Pin=U3-18
Added Pin To Net: NetName=SD_DATA_3 Pin=U3-19
Added Pin To Net: NetName=SD_CMD Pin=U3-20
Added Pin To Net: NetName=SD_CLK Pin=U3-21
Added Pin To Net: NetName=SD_DATA_0 Pin=U3-22
Added Pin To Net: NetName=SD_DATA_1 Pin=U3-23
Added Pin To Net: NetName=GPIO5 Pin=U3-24
Added Pin To Net: NetName=U0RXD Pin=U3-25
Added Pin To Net: NetName=U0TXD Pin=U3-26
Added Pin To Net: NetName=NetC11_1 Pin=U3-27
Added Pin To Net: NetName=NetC10_1 Pin=U3-28
Added Pin To Net: NetName=VCC3V3 Pin=U3-29
Added Pin To Net: NetName=VCC3V3 Pin=U3-30
Added Pin To Net: NetName=NetR14_1 Pin=U3-31
Added Pin To Net: NetName=NetC7_2 Pin=U3-32
Added Pin To Net: NetName=GND Pin=U3-33
Added Pin To Net: NetName=SD_CMD Pin=U4-1
Added Pin To Net: NetName=SD_DATA_0 Pin=U4-2
Added Pin To Net: NetName=SD_DATA_3 Pin=U4-3
Added Pin To Net: NetName=GND Pin=U4-4
Added Pin To Net: NetName=SD_DATA_1 Pin=U4-5
Added Pin To Net: NetName=SD_CLK Pin=U4-6
Added Pin To Net: NetName=SD_DATA_2 Pin=U4-7
Added Pin To Net: NetName=VCC3V3 Pin=U4-8
Added Member To Class: ClassName=SimpleNode31 Member=Component U1 SPX3819M5-L-3-3
Added Member To Class: ClassName=SimpleNode31 Member=Component U2 CP2102
Added Member To Class: ClassName=SimpleNode31 Member=Component U3 ESP8266
Added Member To Class: ClassName=SimpleNode31 Member=Component U4 2M Flash
