Change Component Designator: OldDesignator=J? NewDesignator=J1
Added Component: Designator=C1(C0603)
Added Component: Designator=C2(C0603)
Added Component: Designator=C3(C0603)
Added Pin To Net: NetName=GND Pin=C1-1
Added Pin To Net: NetName=GND Pin=C2-1
Added Pin To Net: NetName=GND Pin=C3-1
Added Pin To Net: NetName=GND Pin=J1-4
Added Pin To Net: NetName=GND Pin=J1-4
Added Pin To Net: NetName=GND Pin=J1-4
Added Pin To Net: NetName=GND Pin=U1-2
Added Net: Name=GND
Added Pin To Net: NetName=NetC2_2 Pin=C2-2
Added Pin To Net: NetName=NetC2_2 Pin=U1-4
Added Net: Name=NetC2_2
Added Pin To Net: NetName=VCC3V3 Pin=C3-2
Added Pin To Net: NetName=VCC3V3 Pin=U1-5
Added Net: Name=VCC3V3
Added Pin To Net: NetName=VCC5V Pin=C1-2
Added Pin To Net: NetName=VCC5V Pin=J1-1
Added Pin To Net: NetName=VCC5V Pin=J1-1
Added Pin To Net: NetName=VCC5V Pin=U1-1
Added Pin To Net: NetName=VCC5V Pin=U1-3
Added Net: Name=VCC5V
Added Member To Class: ClassName=SimpleNode3 Member=Component U1 SPX3819M5-L-3-3
