Removed Pin From Net: NetName=U0RXD Pin=R7-1
Removed Pin From Net: NetName=TXD Pin=R7-2
Added Component: Designator=D6(LED0402)
Added Component: Designator=D7(LED0402)
Added Component: Designator=R4(R0402)
Added Component: Designator=R5(R0402)
Added Pin To Net: NetName=TXD Pin=D6-2
Added Pin To Net: NetName=RXD Pin=D7-2
Added Pin To Net: NetName=VCC3V3 Pin=R4-1
Added Pin To Net: NetName=VCC3V3 Pin=R5-2
Added Pin To Net: NetName=TXD Pin=R7-1
Added Pin To Net: NetName=U0RXD Pin=R7-2
Added Pin To Net: NetName=NetD6_1 Pin=D6-1
Added Pin To Net: NetName=NetD6_1 Pin=R4-2
Added Net: Name=NetD6_1
Added Pin To Net: NetName=NetD7_1 Pin=D7-1
Added Pin To Net: NetName=NetD7_1 Pin=R5-1
Added Net: Name=NetD7_1
Added Member To Class: ClassName=SimpleNode3 Member=Component D6 TXD
Added Member To Class: ClassName=SimpleNode3 Member=Component D7 RXD
Added Member To Class: ClassName=SimpleNode3 Member=Component R4 5%
Added Member To Class: ClassName=SimpleNode3 Member=Component R5 5%
