Removed Pin From Net: NetName=VCC5V Pin=C5-1
Removed Pin From Net: NetName=VCC5V Pin=U2-7
Removed Pin From Net: NetName=VCC5V Pin=U2-8
Removed Pin From Net: NetName=VCC5V Pin=U2-9
Change Component Description : Designator=J1 Old Description= New Description=USB-A 公头
Change Component Description : Designator=U2 Old Description= New Description=贴片USB转TTL
Change Component Description : Designator=D1 Old Description= New Description=贴片发光二级管
Change Component Description : Designator=D2 Old Description= New Description=贴片发光二级管
Change Component Description : Designator=D3 Old Description= New Description=贴片发光二级管
Change Component Description : Designator=D4 Old Description= New Description=贴片发光二级管
Change Component Description : Designator=D5 Old Description= New Description=贴片发光二级管
Change Component Description : Designator=C1 Old Description= New Description=贴片无极性电容
Change Component Description : Designator=C2 Old Description= New Description=贴片无极性电容
Change Component Description : Designator=C3 Old Description= New Description=贴片无极性电容
Change Component Description : Designator=C4 Old Description= New Description=贴片无极性电容
Change Component Description : Designator=C5 Old Description= New Description=贴片无极性电容
Change Component Description : Designator=Y1 Old Description= New Description=贴片无源晶振
Change Component Description : Designator=R1 Old Description= New Description=贴片电阻
Change Component Description : Designator=R2 Old Description= New Description=贴片电阻
Change Component Description : Designator=R3 Old Description= New Description=贴片电阻
Change Component Description : Designator=R4 Old Description= New Description=贴片电阻
Change Component Description : Designator=R5 Old Description= New Description=贴片电阻
Change Component Description : Designator=R6 Old Description= New Description=贴片电阻
Change Component Description : Designator=R7 Old Description= New Description=贴片电阻
Change Component Description : Designator=U3 Old Description=ESP826 New Description=ESP8266无线WiFi芯片
Change Component Description : Designator=U1 Old Description=贴 New Description=贴片5V转3.3V芯片
Change Component Description : Designator=U4 Old Description=贴片 New Description=贴片2M存储Flash芯片
Added Pin To Net: NetName=VCC3V3 Pin=C5-1
Added Pin To Net: NetName=VCC3V3 Pin=U2-7
Added Pin To Net: NetName=VCC3V3 Pin=U2-8
Added Pin To Net: NetName=VCC3V3 Pin=U2-9
