Added Component: Designator=C7(C-RAD-0603)
Added Component: Designator=C8(C-RAD-0603)
Added Component: Designator=C9(C-RAD-0603)
Added Component: Designator=C10(C-RAD-0603)
Added Component: Designator=C11(C-RAD-0603)
Added Component: Designator=C12(C-RAD-0603)
Added Component: Designator=C13(C-RAD-0603)
Added Component: Designator=C14(C-RAD-0603)
Added Component: Designator=D4(0603)
Added Component: Designator=D5(0603)
Added Component: Designator=D6(0603)
Added Component: Designator=D7(0603)
Added Component: Designator=D8(0603)
Added Component: Designator=J3(USB_A1)
Added Component: Designator=P1(MHDR2X6)
Added Component: Designator=R6(0603-1)
Added Component: Designator=R7(0603-1)
Added Component: Designator=R8(0603-1)
Added Component: Designator=R9(0603-1)
Added Component: Designator=R10(0603-1)
Added Component: Designator=R11(0603-1)
Added Component: Designator=R12(0603-1)
Added Component: Designator=R13(0603-1)
Added Component: Designator=R14(0603-1)
Added Component: Designator=R15(0603-1)
Added Component: Designator=R16(0603-1)
Added Component: Designator=R17(0603-1)
Added Component: Designator=R18(0603-1)
Added Component: Designator=R19(0603-1)
Added Component: Designator=S1(Switch-6-6-5)
Added Component: Designator=S2(Switch-6-6-5)
Added Component: Designator=U3(ESP07-16P)
Added Component: Designator=U4(SOP16-50-208)
Added Component: Designator=U5(SOT-223)
Added Component: Designator=Y2(HC-49S)
Added Pin To Net: NetName=ADC Pin=P1-3
Added Pin To Net: NetName=ADC Pin=U3-2
Added Net: Name=ADC
Added Pin To Net: NetName=GND Pin=C7-2
Added Pin To Net: NetName=GND Pin=C8-2
Added Pin To Net: NetName=GND Pin=C9-1
Added Pin To Net: NetName=GND Pin=C10-1
Added Pin To Net: NetName=GND Pin=C11-1
Added Pin To Net: NetName=GND Pin=C12-1
Added Pin To Net: NetName=GND Pin=C13-2
Added Pin To Net: NetName=GND Pin=C14-2
Added Pin To Net: NetName=GND Pin=D7-2
Added Pin To Net: NetName=GND Pin=D8-2
Added Pin To Net: NetName=GND Pin=J3-4
Added Pin To Net: NetName=GND Pin=P1-2
Added Pin To Net: NetName=GND Pin=P1-4
Added Pin To Net: NetName=GND Pin=R15-1
Added Pin To Net: NetName=GND Pin=S1-2
Added Pin To Net: NetName=GND Pin=S2-1
Added Pin To Net: NetName=GND Pin=U3-9
Added Pin To Net: NetName=GND Pin=U4-1
Added Pin To Net: NetName=GND Pin=U5-1
Added Net: Name=GND
Added Pin To Net: NetName=GPIO0 Pin=P1-5
Added Pin To Net: NetName=GPIO0 Pin=R8-2
Added Pin To Net: NetName=GPIO0 Pin=R12-2
Added Pin To Net: NetName=GPIO0 Pin=U3-12
Added Net: Name=GPIO0
Added Pin To Net: NetName=GPIO2 Pin=P1-7
Added Pin To Net: NetName=GPIO2 Pin=R14-2
Added Pin To Net: NetName=GPIO2 Pin=U3-11
Added Net: Name=GPIO2
Added Pin To Net: NetName=GPIO4 Pin=P1-9
Added Pin To Net: NetName=GPIO4 Pin=U3-14
Added Net: Name=GPIO4
Added Pin To Net: NetName=GPIO5 Pin=P1-11
Added Pin To Net: NetName=GPIO5 Pin=U3-13
Added Net: Name=GPIO5
Added Pin To Net: NetName=GPIO12 Pin=P1-12
Added Pin To Net: NetName=GPIO12 Pin=U3-6
Added Net: Name=GPIO12
Added Pin To Net: NetName=GPIO13 Pin=P1-10
Added Pin To Net: NetName=GPIO13 Pin=U3-7
Added Net: Name=GPIO13
Added Pin To Net: NetName=GPIO14 Pin=P1-8
Added Pin To Net: NetName=GPIO14 Pin=U3-5
Added Net: Name=GPIO14
Added Pin To Net: NetName=GPIO15 Pin=P1-6
Added Pin To Net: NetName=GPIO15 Pin=R15-2
Added Pin To Net: NetName=GPIO15 Pin=U3-10
Added Net: Name=GPIO15
Added Pin To Net: NetName=NetC8_1 Pin=C8-1
Added Pin To Net: NetName=NetC8_1 Pin=U4-4
Added Net: Name=NetC8_1
Added Pin To Net: NetName=NetC13_1 Pin=C13-1
Added Pin To Net: NetName=NetC13_1 Pin=U4-7
Added Pin To Net: NetName=NetC13_1 Pin=Y2-1
Added Net: Name=NetC13_1
Added Pin To Net: NetName=NetC14_1 Pin=C14-1
Added Pin To Net: NetName=NetC14_1 Pin=U4-8
Added Pin To Net: NetName=NetC14_1 Pin=Y2-2
Added Net: Name=NetC14_1
Added Pin To Net: NetName=NetD4_A Pin=D4-1
Added Pin To Net: NetName=NetD4_A Pin=R6-1
Added Net: Name=NetD4_A
Added Pin To Net: NetName=NetD4_K Pin=D4-2
Added Pin To Net: NetName=NetD4_K Pin=R13-1
Added Pin To Net: NetName=NetD4_K Pin=U3-4
Added Net: Name=NetD4_K
Added Pin To Net: NetName=NetD5_A Pin=D5-1
Added Pin To Net: NetName=NetD5_A Pin=R17-1
Added Net: Name=NetD5_A
Added Pin To Net: NetName=NetD6_A Pin=R16-1
Added Net: Name=NetD6_A
Added Pin To Net: NetName=NetD7_A Pin=D7-1
Added Pin To Net: NetName=NetD7_A Pin=R18-1
Added Net: Name=NetD7_A
Added Pin To Net: NetName=NetD8_A Pin=D8-1
Added Pin To Net: NetName=NetD8_A Pin=R19-1
Added Net: Name=NetD8_A
Added Pin To Net: NetName=NetJ3_2 Pin=J3-2
Added Pin To Net: NetName=NetJ3_2 Pin=U4-5
Added Net: Name=NetJ3_2
Added Pin To Net: NetName=NetJ3_3 Pin=J3-3
Added Pin To Net: NetName=NetJ3_3 Pin=U4-6
Added Net: Name=NetJ3_3
Added Pin To Net: NetName=NetR7_1 Pin=R7-1
Added Pin To Net: NetName=NetR7_1 Pin=U3-3
Added Net: Name=NetR7_1
Added Pin To Net: NetName=NetR9_1 Pin=R9-1
Added Pin To Net: NetName=NetR9_1 Pin=U3-1
Added Net: Name=NetR9_1
Added Pin To Net: NetName=NetR9_2 Pin=R9-2
Added Pin To Net: NetName=NetR9_2 Pin=R13-2
Added Pin To Net: NetName=NetR9_2 Pin=S2-2
Added Net: Name=NetR9_2
Added Pin To Net: NetName=NetR10_1 Pin=R10-1
Added Pin To Net: NetName=NetR10_1 Pin=U3-16
Added Net: Name=NetR10_1
Added Pin To Net: NetName=NetR11_1 Pin=R11-1
Added Pin To Net: NetName=NetR11_1 Pin=U3-15
Added Net: Name=NetR11_1
Added Pin To Net: NetName=NetR12_1 Pin=R12-1
Added Pin To Net: NetName=NetR12_1 Pin=S1-1
Added Net: Name=NetR12_1
Added Pin To Net: NetName=RXD Pin=R10-2
Added Pin To Net: NetName=RXD Pin=U4-3
Added Net: Name=RXD
Added Pin To Net: NetName=TXD Pin=D5-2
Added Pin To Net: NetName=TXD Pin=R11-2
Added Pin To Net: NetName=TXD Pin=U4-2
Added Net: Name=TXD
Added Pin To Net: NetName=VCC3V3 Pin=C7-1
Added Pin To Net: NetName=VCC3V3 Pin=C11-2
Added Pin To Net: NetName=VCC3V3 Pin=C12-2
Added Pin To Net: NetName=VCC3V3 Pin=P1-1
Added Pin To Net: NetName=VCC3V3 Pin=R6-2
Added Pin To Net: NetName=VCC3V3 Pin=R7-2
Added Pin To Net: NetName=VCC3V3 Pin=R8-1
Added Pin To Net: NetName=VCC3V3 Pin=R14-1
Added Pin To Net: NetName=VCC3V3 Pin=R16-2
Added Pin To Net: NetName=VCC3V3 Pin=R17-2
Added Pin To Net: NetName=VCC3V3 Pin=R19-2
Added Pin To Net: NetName=VCC3V3 Pin=U3-8
Added Pin To Net: NetName=VCC3V3 Pin=U5-2
Added Pin To Net: NetName=VCC3V3 Pin=U5-4
Added Net: Name=VCC3V3
Added Pin To Net: NetName=VCC5V Pin=C9-2
Added Pin To Net: NetName=VCC5V Pin=C10-2
Added Pin To Net: NetName=VCC5V Pin=J3-1
Added Pin To Net: NetName=VCC5V Pin=R18-2
Added Pin To Net: NetName=VCC5V Pin=U4-16
Added Pin To Net: NetName=VCC5V Pin=U5-3
Added Net: Name=VCC5V
Added Class: Name=SimpleNode
Added Room: Name=SimpleNode
