Change Component DesignItemId : Designator=S1 Old DesignItemId= New DesignItemId=KEY
Change Component DesignItemId : Designator=S2 Old DesignItemId= New DesignItemId=KEY
Change Component DesignItemId : Designator=R6 Old DesignItemId=RE New DesignItemId=RES
Change Component DesignItemId : Designator=R7 Old DesignItemId=RE New DesignItemId=RES
Change Component DesignItemId : Designator=R8 Old DesignItemId=RE New DesignItemId=RES
Change Component DesignItemId : Designator=R9 Old DesignItemId=RE New DesignItemId=RES
Change Component DesignItemId : Designator=R10 Old DesignItemId=RE New DesignItemId=RES
Change Component DesignItemId : Designator=R11 Old DesignItemId=RE New DesignItemId=RES
Change Component DesignItemId : Designator=R12 Old DesignItemId=RE New DesignItemId=RES
Change Component DesignItemId : Designator=R13 Old DesignItemId=RE New DesignItemId=RES
Change Component DesignItemId : Designator=R14 Old DesignItemId=RE New DesignItemId=RES
Change Component DesignItemId : Designator=R15 Old DesignItemId=RE New DesignItemId=RES
Change Component DesignItemId : Designator=R16 Old DesignItemId=RE New DesignItemId=RES
Change Component DesignItemId : Designator=R17 Old DesignItemId=RE New DesignItemId=RES
Change Component DesignItemId : Designator=R18 Old DesignItemId=RE New DesignItemId=RES
Change Component DesignItemId : Designator=R19 Old DesignItemId=RE New DesignItemId=RES
Change Component DesignItemId : Designator=D4 Old DesignItemId=发? New DesignItemId=发光二极管
Change Component DesignItemId : Designator=D5 Old DesignItemId=发? New DesignItemId=发光二极管
Change Component DesignItemId : Designator=D6 Old DesignItemId=发? New DesignItemId=发光二极管
Change Component DesignItemId : Designator=D7 Old DesignItemId=发? New DesignItemId=发光二极管
Change Component DesignItemId : Designator=D8 Old DesignItemId=发? New DesignItemId=发光二极管
Change Component Footprint: Designator=U4 Old Footprint=SOP16-50-208 New Footprint=SOP-16_N
Change Component Description : Designator=U5 Old Description=3.3V稳压? New Description=3.3V稳压芯片
Change Component Description : Designator=C7 Old Description=Capa New Description=Capacitor
Change Component Description : Designator=C13 Old Description=Capa New Description=Capacitor
Change Component Description : Designator=C14 Old Description=Capa New Description=Capacitor
Change Component Description : Designator=J3 Old Description=USB接? New Description=USB接口
