Added Component: Designator=C1(C-RAD-0603)
Added Component: Designator=C2(C-RAD-0603)
Added Component: Designator=C4(C-RAD-0603)
Added Component: Designator=C16(C-RAD-0603)
Added Component: Designator=C17(C-RAD-0603)
Added Component: Designator=J4(USB_A1)
Added Component: Designator=P2(MHDR2X6)
Added Component: Designator=R1(0603-1)
Added Component: Designator=R2(0603-1)
Added Component: Designator=R3(0603-1)
Added Component: Designator=R4(0603-1)
Added Component: Designator=R5(0603-1)
Added Component: Designator=R20(0603-1)
Added Component: Designator=R21(0603-1)
Added Component: Designator=R22(0603-1)
Added Component: Designator=R23(0603-1)
Added Component: Designator=R24(0603-1)
Added Component: Designator=R25(0603-1)
Added Component: Designator=R26(0603-1)
Added Component: Designator=R27(0603-1)
Added Component: Designator=R28(0603-1)
Added Component: Designator=R29(0603-1)
Added Component: Designator=R30(0603-1)
Added Component: Designator=U1(ESP07-16P)
Added Pin To Net: NetName=ADC_EXT Pin=P2-3
Added Pin To Net: NetName=ADC_EXT Pin=R1-2
Added Net: Name=ADC_EXT
Added Pin To Net: NetName=ADC Pin=P2-11
Added Pin To Net: NetName=ADC Pin=R1-1
Added Pin To Net: NetName=ADC Pin=R5-2
Added Pin To Net: NetName=ADC Pin=U1-2
Added Net: Name=ADC
Added Pin To Net: NetName=GND Pin=C1-2
Added Pin To Net: NetName=GND Pin=C2-2
Added Pin To Net: NetName=GND Pin=C4-2
Added Pin To Net: NetName=GND Pin=C16-2
Added Pin To Net: NetName=GND Pin=C17-2
Added Pin To Net: NetName=GND Pin=J4-4
Added Pin To Net: NetName=GND Pin=P2-2
Added Pin To Net: NetName=GND Pin=R5-1
Added Pin To Net: NetName=GND Pin=R26-1
Added Pin To Net: NetName=GND Pin=U1-9
Added Net: Name=GND
Added Pin To Net: NetName=GPIO0 Pin=P2-8
Added Pin To Net: NetName=GPIO0 Pin=R4-2
Added Pin To Net: NetName=GPIO0 Pin=R23-2
Added Pin To Net: NetName=GPIO0 Pin=U1-12
Added Net: Name=GPIO0
Added Pin To Net: NetName=GPIO2 Pin=P2-10
Added Pin To Net: NetName=GPIO2 Pin=R25-2
Added Pin To Net: NetName=GPIO2 Pin=U1-11
Added Net: Name=GPIO2
Added Pin To Net: NetName=GPIO4 Pin=P2-4
Added Pin To Net: NetName=GPIO4 Pin=U1-14
Added Net: Name=GPIO4
Added Pin To Net: NetName=GPIO5 Pin=P2-6
Added Pin To Net: NetName=GPIO5 Pin=U1-13
Added Net: Name=GPIO5
Added Pin To Net: NetName=GPIO12 Pin=P2-7
Added Pin To Net: NetName=GPIO12 Pin=U1-6
Added Net: Name=GPIO12
Added Pin To Net: NetName=GPIO13 Pin=P2-5
Added Pin To Net: NetName=GPIO13 Pin=U1-7
Added Net: Name=GPIO13
Added Pin To Net: NetName=GPIO14 Pin=P2-9
Added Pin To Net: NetName=GPIO14 Pin=U1-5
Added Net: Name=GPIO14
Added Pin To Net: NetName=GPIO15 Pin=P2-12
Added Pin To Net: NetName=GPIO15 Pin=R26-2
Added Pin To Net: NetName=GPIO15 Pin=U1-10
Added Net: Name=GPIO15
Added Pin To Net: NetName=NetC2_1 Pin=C2-1
Added Net: Name=NetC2_1
Added Net: Name=NetC6_1
Added Pin To Net: NetName=NetD1_A Pin=R2-1
Added Net: Name=NetD1_A
Added Pin To Net: NetName=NetD1_K Pin=R24-1
Added Pin To Net: NetName=NetD1_K Pin=U1-4
Added Net: Name=NetD1_K
Added Pin To Net: NetName=NetD2_A Pin=R28-1
Added Net: Name=NetD2_A
Added Pin To Net: NetName=NetD3_A Pin=R27-1
Added Net: Name=NetD3_A
Added Pin To Net: NetName=NetD9_A Pin=R29-1
Added Net: Name=NetD9_A
Added Pin To Net: NetName=NetD10_A Pin=R30-1
Added Net: Name=NetD10_A
Added Pin To Net: NetName=NetJ1_1 Pin=R23-1
Added Net: Name=NetJ1_1
Added Pin To Net: NetName=NetJ2_2 Pin=R20-2
Added Pin To Net: NetName=NetJ2_2 Pin=R24-2
Added Net: Name=NetJ2_2
Added Pin To Net: NetName=NetJ4_2 Pin=J4-2
Added Net: Name=NetJ4_2
Added Pin To Net: NetName=NetJ4_3 Pin=J4-3
Added Net: Name=NetJ4_3
Added Pin To Net: NetName=NetR3_1 Pin=R3-1
Added Pin To Net: NetName=NetR3_1 Pin=U1-3
Added Net: Name=NetR3_1
Added Pin To Net: NetName=NetR20_1 Pin=R20-1
Added Pin To Net: NetName=NetR20_1 Pin=U1-1
Added Net: Name=NetR20_1
Added Pin To Net: NetName=NetR21_1 Pin=R21-1
Added Pin To Net: NetName=NetR21_1 Pin=U1-16
Added Net: Name=NetR21_1
Added Pin To Net: NetName=NetR22_1 Pin=R22-1
Added Pin To Net: NetName=NetR22_1 Pin=U1-15
Added Net: Name=NetR22_1
Added Pin To Net: NetName=RXD Pin=R21-2
Added Net: Name=RXD
Added Pin To Net: NetName=TXD Pin=R22-2
Added Net: Name=TXD
Added Pin To Net: NetName=VCC3V3 Pin=C1-1
Added Pin To Net: NetName=VCC3V3 Pin=P2-1
Added Pin To Net: NetName=VCC3V3 Pin=R2-2
Added Pin To Net: NetName=VCC3V3 Pin=R3-2
Added Pin To Net: NetName=VCC3V3 Pin=R4-1
Added Pin To Net: NetName=VCC3V3 Pin=R25-1
Added Pin To Net: NetName=VCC3V3 Pin=R27-2
Added Pin To Net: NetName=VCC3V3 Pin=R28-2
Added Pin To Net: NetName=VCC3V3 Pin=R30-2
Added Pin To Net: NetName=VCC3V3 Pin=U1-8
Added Net: Name=VCC3V3
Added Pin To Net: NetName=VCC5V Pin=C4-1
Added Pin To Net: NetName=VCC5V Pin=J4-1
Added Pin To Net: NetName=VCC5V Pin=R29-2
Added Net: Name=VCC5V
Added Pin To Net: NetName=XI Pin=C16-1
Added Net: Name=XI
Added Pin To Net: NetName=XO Pin=C17-1
Added Net: Name=XO
Added Class: Name=SimpleNode2
