Added Component: Designator=C1(C-RAD-0603)
Added Component: Designator=C2(C-RAD-0603)
Added Component: Designator=C3(C-RAD-0603)
Added Component: Designator=C4(C-RAD-0603)
Added Component: Designator=C5(C-RAD-0603)
Added Component: Designator=C6(C-RAD-0603)
Added Component: Designator=C7(C-RAD-0603)
Added Component: Designator=C8(C-RAD-0603)
Added Component: Designator=C9(C-RAD-0603)
Added Component: Designator=D1(CD1608-0603)
Added Component: Designator=D2(CD1608-0603)
Added Component: Designator=D3(CD1608-0603)
Added Component: Designator=D4(CD1608-0603)
Added Component: Designator=D5(CD1608-0603)
Added Component: Designator=J1(SIP2)
Added Component: Designator=J2(SIP2)
Added Component: Designator=J3(USB_A1)
Added Component: Designator=P1(MHDR2X6)
Added Component: Designator=R1(0603-1)
Added Component: Designator=R2(0603-1)
Added Component: Designator=R3(0603-1)
Added Component: Designator=R4(0603-1)
Added Component: Designator=R5(0603-1)
Added Component: Designator=R6(0603-1)
Added Component: Designator=R7(0603-1)
Added Component: Designator=R8(0603-1)
Added Component: Designator=R9(0603-1)
Added Component: Designator=R10(0603-1)
Added Component: Designator=R11(0603-1)
Added Component: Designator=R12(0603-1)
Added Component: Designator=R13(0603-1)
Added Component: Designator=R14(0603-1)
Added Component: Designator=R15(0603-1)
Added Component: Designator=R16(0603-1)
Added Component: Designator=U1(ESP07-16P)
Added Component: Designator=U2(SOP16-50-208)
Added Component: Designator=U3(SOT23-5AL)
Added Component: Designator=X1(SMD 3225)
Added Pin To Net: NetName=ADC_EXT Pin=P1-3
Added Pin To Net: NetName=ADC_EXT Pin=R1-2
Added Net: Name=ADC_EXT
Added Pin To Net: NetName=ADC Pin=P1-11
Added Pin To Net: NetName=ADC Pin=R1-1
Added Pin To Net: NetName=ADC Pin=R5-2
Added Pin To Net: NetName=ADC Pin=U1-2
Added Net: Name=ADC
Added Pin To Net: NetName=GND Pin=C1-2
Added Pin To Net: NetName=GND Pin=C2-2
Added Pin To Net: NetName=GND Pin=C3-2
Added Pin To Net: NetName=GND Pin=C4-2
Added Pin To Net: NetName=GND Pin=C5-2
Added Pin To Net: NetName=GND Pin=C6-2
Added Pin To Net: NetName=GND Pin=C7-2
Added Pin To Net: NetName=GND Pin=C8-2
Added Pin To Net: NetName=GND Pin=C9-2
Added Pin To Net: NetName=GND Pin=D4-2
Added Pin To Net: NetName=GND Pin=D5-2
Added Pin To Net: NetName=GND Pin=J1-2
Added Pin To Net: NetName=GND Pin=J2-1
Added Pin To Net: NetName=GND Pin=J3-4
Added Pin To Net: NetName=GND Pin=P1-2
Added Pin To Net: NetName=GND Pin=R5-1
Added Pin To Net: NetName=GND Pin=R12-1
Added Pin To Net: NetName=GND Pin=U1-9
Added Pin To Net: NetName=GND Pin=U2-1
Added Pin To Net: NetName=GND Pin=U3-2
Added Pin To Net: NetName=GND Pin=X1-2
Added Pin To Net: NetName=GND Pin=X1-4
Added Net: Name=GND
Added Pin To Net: NetName=GPIO0 Pin=P1-8
Added Pin To Net: NetName=GPIO0 Pin=R4-2
Added Pin To Net: NetName=GPIO0 Pin=R9-2
Added Pin To Net: NetName=GPIO0 Pin=U1-12
Added Net: Name=GPIO0
Added Pin To Net: NetName=GPIO2 Pin=P1-10
Added Pin To Net: NetName=GPIO2 Pin=R11-2
Added Pin To Net: NetName=GPIO2 Pin=U1-11
Added Net: Name=GPIO2
Added Pin To Net: NetName=GPIO4 Pin=P1-4
Added Pin To Net: NetName=GPIO4 Pin=U1-14
Added Net: Name=GPIO4
Added Pin To Net: NetName=GPIO5 Pin=P1-6
Added Pin To Net: NetName=GPIO5 Pin=U1-13
Added Net: Name=GPIO5
Added Pin To Net: NetName=GPIO12 Pin=P1-7
Added Pin To Net: NetName=GPIO12 Pin=U1-6
Added Net: Name=GPIO12
Added Pin To Net: NetName=GPIO13 Pin=P1-5
Added Pin To Net: NetName=GPIO13 Pin=U1-7
Added Net: Name=GPIO13
Added Pin To Net: NetName=GPIO14 Pin=P1-9
Added Pin To Net: NetName=GPIO14 Pin=U1-5
Added Net: Name=GPIO14
Added Pin To Net: NetName=GPIO15 Pin=P1-12
Added Pin To Net: NetName=GPIO15 Pin=R12-2
Added Pin To Net: NetName=GPIO15 Pin=U1-10
Added Net: Name=GPIO15
Added Pin To Net: NetName=NetC2_1 Pin=C2-1
Added Pin To Net: NetName=NetC2_1 Pin=U2-4
Added Net: Name=NetC2_1
Added Pin To Net: NetName=NetC6_1 Pin=C6-1
Added Pin To Net: NetName=NetC6_1 Pin=U3-4
Added Net: Name=NetC6_1
Added Pin To Net: NetName=NetD1_A Pin=D1-1
Added Pin To Net: NetName=NetD1_A Pin=R2-1
Added Net: Name=NetD1_A
Added Pin To Net: NetName=NetD1_K Pin=D1-2
Added Pin To Net: NetName=NetD1_K Pin=R10-1
Added Pin To Net: NetName=NetD1_K Pin=U1-4
Added Net: Name=NetD1_K
Added Pin To Net: NetName=NetD2_A Pin=D2-1
Added Pin To Net: NetName=NetD2_A Pin=R14-1
Added Net: Name=NetD2_A
Added Pin To Net: NetName=NetD3_A Pin=D3-1
Added Pin To Net: NetName=NetD3_A Pin=R13-1
Added Net: Name=NetD3_A
Added Pin To Net: NetName=NetD4_A Pin=D4-1
Added Pin To Net: NetName=NetD4_A Pin=R15-1
Added Net: Name=NetD4_A
Added Pin To Net: NetName=NetD5_A Pin=D5-1
Added Pin To Net: NetName=NetD5_A Pin=R16-1
Added Net: Name=NetD5_A
Added Pin To Net: NetName=NetJ1_1 Pin=J1-1
Added Pin To Net: NetName=NetJ1_1 Pin=R9-1
Added Net: Name=NetJ1_1
Added Pin To Net: NetName=NetJ2_2 Pin=J2-2
Added Pin To Net: NetName=NetJ2_2 Pin=R6-2
Added Pin To Net: NetName=NetJ2_2 Pin=R10-2
Added Net: Name=NetJ2_2
Added Pin To Net: NetName=NetJ3_2 Pin=J3-2
Added Pin To Net: NetName=NetJ3_2 Pin=U2-5
Added Net: Name=NetJ3_2
Added Pin To Net: NetName=NetJ3_3 Pin=J3-3
Added Pin To Net: NetName=NetJ3_3 Pin=U2-6
Added Net: Name=NetJ3_3
Added Pin To Net: NetName=NetR3_1 Pin=R3-1
Added Pin To Net: NetName=NetR3_1 Pin=U1-3
Added Net: Name=NetR3_1
Added Pin To Net: NetName=NetR6_1 Pin=R6-1
Added Pin To Net: NetName=NetR6_1 Pin=U1-1
Added Net: Name=NetR6_1
Added Pin To Net: NetName=NetR7_1 Pin=R7-1
Added Pin To Net: NetName=NetR7_1 Pin=U1-16
Added Net: Name=NetR7_1
Added Pin To Net: NetName=NetR8_1 Pin=R8-1
Added Pin To Net: NetName=NetR8_1 Pin=U1-15
Added Net: Name=NetR8_1
Added Pin To Net: NetName=RXD Pin=D3-2
Added Pin To Net: NetName=RXD Pin=R7-2
Added Pin To Net: NetName=RXD Pin=U2-3
Added Net: Name=RXD
Added Pin To Net: NetName=TXD Pin=D2-2
Added Pin To Net: NetName=TXD Pin=R8-2
Added Pin To Net: NetName=TXD Pin=U2-2
Added Net: Name=TXD
Added Pin To Net: NetName=VCC3V3 Pin=C1-1
Added Pin To Net: NetName=VCC3V3 Pin=C7-1
Added Pin To Net: NetName=VCC3V3 Pin=P1-1
Added Pin To Net: NetName=VCC3V3 Pin=R2-2
Added Pin To Net: NetName=VCC3V3 Pin=R3-2
Added Pin To Net: NetName=VCC3V3 Pin=R4-1
Added Pin To Net: NetName=VCC3V3 Pin=R11-1
Added Pin To Net: NetName=VCC3V3 Pin=R13-2
Added Pin To Net: NetName=VCC3V3 Pin=R14-2
Added Pin To Net: NetName=VCC3V3 Pin=R16-2
Added Pin To Net: NetName=VCC3V3 Pin=U1-8
Added Pin To Net: NetName=VCC3V3 Pin=U3-5
Added Net: Name=VCC3V3
Added Pin To Net: NetName=VCC5V Pin=C3-1
Added Pin To Net: NetName=VCC5V Pin=C4-1
Added Pin To Net: NetName=VCC5V Pin=C5-1
Added Pin To Net: NetName=VCC5V Pin=J3-1
Added Pin To Net: NetName=VCC5V Pin=R15-2
Added Pin To Net: NetName=VCC5V Pin=U2-16
Added Pin To Net: NetName=VCC5V Pin=U3-1
Added Pin To Net: NetName=VCC5V Pin=U3-3
Added Net: Name=VCC5V
Added Pin To Net: NetName=XI Pin=C8-1
Added Pin To Net: NetName=XI Pin=U2-7
Added Pin To Net: NetName=XI Pin=X1-3
Added Net: Name=XI
Added Pin To Net: NetName=XO Pin=C9-1
Added Pin To Net: NetName=XO Pin=U2-8
Added Pin To Net: NetName=XO Pin=X1-1
Added Net: Name=XO
Added Class: Name=SimpleNode2
